-------------------------------------------------------------------------------
Test set: cvut.fit.sp1.CompanyFleetSystem.CompanyFleetSystemApplicationTests
-------------------------------------------------------------------------------
Tests run: 1, Failures: 0, Errors: 1, Skipped: 0, Time elapsed: 0.977 s <<< FAILURE! - in cvut.fit.sp1.CompanyFleetSystem.CompanyFleetSystemApplicationTests
initializationError(cvut.fit.sp1.CompanyFleetSystem.CompanyFleetSystemApplicationTests)  Time elapsed: 0.009 s  <<< ERROR!
java.lang.IllegalStateException: Unable to find a @SpringBootConfiguration, you need to use @ContextConfiguration or @SpringBootTest(classes=...) with your test

